DEB [20120825-11:03:14.709] thr=1   paramiko.transport: starting thread (client mode): 0x213d6d0L
INF [20120825-11:03:14.714] thr=1   paramiko.transport: Connected (version 2.0, client OpenSSH_4.3)
DEB [20120825-11:03:14.740] thr=1   paramiko.transport: kex algos:['diffie-hellman-group-exchange-sha1', 'diffie-hellman-group14-sha1', 'diffie-hellman-group1-sha1'] server key:['ssh-rsa', 'ssh-dss'] client encrypt:['aes128-cbc', '3des-cbc', 'blowfish-cbc', 'cast128-cbc', 'arcfour128', 'arcfour256', 'arcfour', 'aes192-cbc', 'aes256-cbc', 'rijndael-cbc@lysator.liu.se', 'aes128-ctr', 'aes192-ctr', 'aes256-ctr'] server encrypt:['aes128-cbc', '3des-cbc', 'blowfish-cbc', 'cast128-cbc', 'arcfour128', 'arcfour256', 'arcfour', 'aes192-cbc', 'aes256-cbc', 'rijndael-cbc@lysator.liu.se', 'aes128-ctr', 'aes192-ctr', 'aes256-ctr'] client mac:['hmac-md5', 'hmac-sha1', 'hmac-ripemd160', 'hmac-ripemd160@openssh.com', 'hmac-sha1-96', 'hmac-md5-96'] server mac:['hmac-md5', 'hmac-sha1', 'hmac-ripemd160', 'hmac-ripemd160@openssh.com', 'hmac-sha1-96', 'hmac-md5-96'] client compress:['none', 'zlib@openssh.com'] server compress:['none', 'zlib@openssh.com'] client lang:[''] server lang:[''] kex follows?False
DEB [20120825-11:03:14.740] thr=1   paramiko.transport: Ciphers agreed: local=aes128-ctr, remote=aes128-ctr
DEB [20120825-11:03:14.740] thr=1   paramiko.transport: using kex diffie-hellman-group1-sha1; server key type ssh-rsa; cipher: local aes128-ctr, remote aes128-ctr; mac: local hmac-sha1, remote hmac-sha1; compression: local none, remote none
DEB [20120825-11:03:14.851] thr=1   paramiko.transport: Switch to new keys ...
DEB [20120825-11:03:14.855] thr=2   paramiko.transport: Adding ssh-rsa host key for 192.168.24.159: 15bfcc0e1f5769d837ca2f563065906d
DEB [20120825-11:03:14.957] thr=1   paramiko.transport: userauth is OK
INF [20120825-11:03:14.979] thr=1   paramiko.transport: Authentication (password) successful!
DEB [20120825-11:03:19.891] thr=2   paramiko.transport: [chan 1] Max packet in: 34816 bytes
DEB [20120825-11:03:19.898] thr=1   paramiko.transport: [chan 1] Max packet out: 32768 bytes
INF [20120825-11:03:19.898] thr=1   paramiko.transport: Secsh channel 1 opened.
DEB [20120825-11:03:19.911] thr=1   paramiko.transport: [chan 1] Sesch channel 1 request ok
DEB [20120825-11:03:20.118] thr=1   paramiko.transport: [chan 1] EOF received (1)
DEB [20120825-11:03:20.119] thr=1   paramiko.transport: [chan 1] EOF sent (1)
DEB [20120825-11:03:29.933] thr=2   paramiko.transport: [chan 2] Max packet in: 34816 bytes
DEB [20120825-11:03:29.940] thr=1   paramiko.transport: [chan 2] Max packet out: 32768 bytes
INF [20120825-11:03:29.940] thr=1   paramiko.transport: Secsh channel 2 opened.
DEB [20120825-11:03:29.950] thr=1   paramiko.transport: [chan 2] Sesch channel 2 request ok
DEB [20120825-11:03:30.150] thr=1   paramiko.transport: [chan 2] EOF received (2)
DEB [20120825-11:03:30.151] thr=1   paramiko.transport: [chan 2] EOF sent (2)
DEB [20120825-11:03:41.624] thr=2   paramiko.transport: [chan 3] Max packet in: 34816 bytes
DEB [20120825-11:03:41.631] thr=1   paramiko.transport: [chan 3] Max packet out: 32768 bytes
INF [20120825-11:03:41.631] thr=1   paramiko.transport: Secsh channel 3 opened.
DEB [20120825-11:03:41.642] thr=1   paramiko.transport: [chan 3] Sesch channel 3 request ok
DEB [20120825-11:03:41.841] thr=1   paramiko.transport: [chan 3] EOF received (3)
DEB [20120825-11:03:41.842] thr=1   paramiko.transport: [chan 3] EOF sent (3)
DEB [20120825-11:03:54.980] thr=2   paramiko.transport: [chan 4] Max packet in: 34816 bytes
DEB [20120825-11:03:54.989] thr=1   paramiko.transport: [chan 4] Max packet out: 32768 bytes
INF [20120825-11:03:54.990] thr=1   paramiko.transport: Secsh channel 4 opened.
DEB [20120825-11:03:55.000] thr=1   paramiko.transport: [chan 4] Sesch channel 4 request ok
DEB [20120825-11:03:55.209] thr=1   paramiko.transport: [chan 4] EOF received (4)
DEB [20120825-11:03:55.210] thr=1   paramiko.transport: [chan 4] EOF sent (4)
DEB [20120825-11:03:55.943] thr=2   paramiko.transport: [chan 5] Max packet in: 34816 bytes
DEB [20120825-11:03:55.950] thr=1   paramiko.transport: [chan 5] Max packet out: 32768 bytes
INF [20120825-11:03:55.950] thr=1   paramiko.transport: Secsh channel 5 opened.
DEB [20120825-11:03:55.963] thr=1   paramiko.transport: [chan 5] Sesch channel 5 request ok
DEB [20120825-11:03:56.170] thr=1   paramiko.transport: [chan 5] EOF received (5)
DEB [20120825-11:03:56.171] thr=1   paramiko.transport: [chan 5] EOF sent (5)
DEB [20120825-11:04:03.430] thr=2   paramiko.transport: [chan 6] Max packet in: 34816 bytes
DEB [20120825-11:04:03.440] thr=1   paramiko.transport: [chan 6] Max packet out: 32768 bytes
INF [20120825-11:04:03.440] thr=1   paramiko.transport: Secsh channel 6 opened.
DEB [20120825-11:04:03.450] thr=1   paramiko.transport: [chan 6] Sesch channel 6 request ok
DEB [20120825-11:04:03.650] thr=1   paramiko.transport: [chan 6] EOF received (6)
DEB [20120825-11:04:03.651] thr=1   paramiko.transport: [chan 6] EOF sent (6)
DEB [20120825-11:04:46.575] thr=2   paramiko.transport: [chan 7] Max packet in: 34816 bytes
DEB [20120825-11:04:46.588] thr=1   paramiko.transport: [chan 7] Max packet out: 32768 bytes
INF [20120825-11:04:46.588] thr=1   paramiko.transport: Secsh channel 7 opened.
DEB [20120825-11:04:46.599] thr=1   paramiko.transport: [chan 7] Sesch channel 7 request ok
DEB [20120825-11:04:46.796] thr=1   paramiko.transport: [chan 7] EOF received (7)
DEB [20120825-11:04:46.798] thr=1   paramiko.transport: [chan 7] EOF sent (7)
DEB [20120825-11:04:50.316] thr=2   paramiko.transport: [chan 8] Max packet in: 34816 bytes
DEB [20120825-11:04:50.323] thr=1   paramiko.transport: [chan 8] Max packet out: 32768 bytes
INF [20120825-11:04:50.323] thr=1   paramiko.transport: Secsh channel 8 opened.
DEB [20120825-11:04:50.332] thr=1   paramiko.transport: [chan 8] Sesch channel 8 request ok
DEB [20120825-11:04:50.532] thr=1   paramiko.transport: [chan 8] EOF received (8)
DEB [20120825-11:04:50.533] thr=1   paramiko.transport: [chan 8] EOF sent (8)
DEB [20120825-11:05:17.026] thr=2   paramiko.transport: [chan 9] Max packet in: 34816 bytes
DEB [20120825-11:05:17.032] thr=1   paramiko.transport: [chan 9] Max packet out: 32768 bytes
INF [20120825-11:05:17.032] thr=1   paramiko.transport: Secsh channel 9 opened.
DEB [20120825-11:05:17.042] thr=1   paramiko.transport: [chan 9] Sesch channel 9 request ok
DEB [20120825-11:05:17.236] thr=1   paramiko.transport: [chan 9] EOF received (9)
DEB [20120825-11:05:17.237] thr=1   paramiko.transport: [chan 9] EOF sent (9)
DEB [20120825-11:05:27.802] thr=2   paramiko.transport: [chan 10] Max packet in: 34816 bytes
DEB [20120825-11:05:27.811] thr=1   paramiko.transport: [chan 10] Max packet out: 32768 bytes
INF [20120825-11:05:27.811] thr=1   paramiko.transport: Secsh channel 10 opened.
DEB [20120825-11:05:27.822] thr=1   paramiko.transport: [chan 10] Sesch channel 10 request ok
DEB [20120825-11:05:28.019] thr=1   paramiko.transport: [chan 10] EOF received (10)
DEB [20120825-11:05:28.020] thr=1   paramiko.transport: [chan 10] EOF sent (10)
DEB [20120825-11:05:33.608] thr=2   paramiko.transport: [chan 11] Max packet in: 34816 bytes
DEB [20120825-11:05:33.617] thr=1   paramiko.transport: [chan 11] Max packet out: 32768 bytes
INF [20120825-11:05:33.617] thr=1   paramiko.transport: Secsh channel 11 opened.
DEB [20120825-11:05:33.630] thr=1   paramiko.transport: [chan 11] Sesch channel 11 request ok
DEB [20120825-11:05:33.826] thr=1   paramiko.transport: [chan 11] EOF received (11)
DEB [20120825-11:05:33.828] thr=1   paramiko.transport: [chan 11] EOF sent (11)
DEB [20120825-11:05:44.776] thr=2   paramiko.transport: [chan 12] Max packet in: 34816 bytes
DEB [20120825-11:05:44.785] thr=1   paramiko.transport: [chan 12] Max packet out: 32768 bytes
INF [20120825-11:05:44.786] thr=1   paramiko.transport: Secsh channel 12 opened.
DEB [20120825-11:05:44.796] thr=1   paramiko.transport: [chan 12] Sesch channel 12 request ok
DEB [20120825-11:05:44.994] thr=1   paramiko.transport: [chan 12] EOF received (12)
DEB [20120825-11:05:44.996] thr=1   paramiko.transport: [chan 12] EOF sent (12)
DEB [20120825-11:06:02.063] thr=2   paramiko.transport: [chan 13] Max packet in: 34816 bytes
DEB [20120825-11:06:02.072] thr=1   paramiko.transport: [chan 13] Max packet out: 32768 bytes
INF [20120825-11:06:02.072] thr=1   paramiko.transport: Secsh channel 13 opened.
DEB [20120825-11:06:02.089] thr=1   paramiko.transport: [chan 13] Sesch channel 13 request ok
DEB [20120825-11:06:02.290] thr=1   paramiko.transport: [chan 13] EOF received (13)
DEB [20120825-11:06:02.292] thr=1   paramiko.transport: [chan 13] EOF sent (13)
DEB [20120825-11:06:33.473] thr=2   paramiko.transport: [chan 14] Max packet in: 34816 bytes
DEB [20120825-11:06:33.480] thr=1   paramiko.transport: [chan 14] Max packet out: 32768 bytes
INF [20120825-11:06:33.480] thr=1   paramiko.transport: Secsh channel 14 opened.
DEB [20120825-11:06:33.493] thr=1   paramiko.transport: [chan 14] Sesch channel 14 request ok
DEB [20120825-11:06:33.690] thr=1   paramiko.transport: [chan 14] EOF received (14)
DEB [20120825-11:06:33.690] thr=1   paramiko.transport: [chan 14] EOF sent (14)
DEB [20120825-11:07:29.818] thr=2   paramiko.transport: [chan 15] Max packet in: 34816 bytes
DEB [20120825-11:07:29.825] thr=1   paramiko.transport: [chan 15] Max packet out: 32768 bytes
INF [20120825-11:07:29.825] thr=1   paramiko.transport: Secsh channel 15 opened.
DEB [20120825-11:07:29.839] thr=1   paramiko.transport: [chan 15] Sesch channel 15 request ok
DEB [20120825-11:07:30.045] thr=1   paramiko.transport: [chan 15] EOF received (15)
DEB [20120825-11:07:30.046] thr=1   paramiko.transport: [chan 15] EOF sent (15)
DEB [20120825-11:08:19.944] thr=2   paramiko.transport: [chan 16] Max packet in: 34816 bytes
DEB [20120825-11:08:19.957] thr=1   paramiko.transport: [chan 16] Max packet out: 32768 bytes
INF [20120825-11:08:19.957] thr=1   paramiko.transport: Secsh channel 16 opened.
DEB [20120825-11:08:19.973] thr=1   paramiko.transport: [chan 16] Sesch channel 16 request ok
DEB [20120825-11:08:20.167] thr=1   paramiko.transport: [chan 16] EOF received (16)
DEB [20120825-11:08:20.167] thr=1   paramiko.transport: [chan 16] EOF sent (16)
DEB [20120825-11:08:25.562] thr=2   paramiko.transport: [chan 17] Max packet in: 34816 bytes
DEB [20120825-11:08:25.571] thr=1   paramiko.transport: [chan 17] Max packet out: 32768 bytes
INF [20120825-11:08:25.571] thr=1   paramiko.transport: Secsh channel 17 opened.
DEB [20120825-11:08:25.585] thr=1   paramiko.transport: [chan 17] Sesch channel 17 request ok
